<?xml version="1.0" encoding="UTF-8"?>
<!-- Generated by org.testng.reporters.JUnitReportReporter -->
<testsuite hostname="LAPTOP-P0E5GDS2" failures="0" tests="1" name="org.practice.FlipkartProductsPriceTests" time="42.005" errors="0" timestamp="2022-12-13T15:47:32 IST" skipped="0">
  <testcase classname="org.practice.FlipkartProductsPriceTests" name="fetchProductWithPrice" time="42.005"/>
  <system-out/>
</testsuite> <!-- org.practice.FlipkartProductsPriceTests -->
