<?xml version="1.0" encoding="UTF-8"?>
<!-- Generated by org.testng.reporters.JUnitReportReporter -->
<testsuite hostname="Hp" failures="0" tests="1" name="com.hrm.hrHead.AddAdmin_Test" time="45.911" errors="0" timestamp="2022-12-16T17:19:52 IST" skipped="0">
  <testcase classname="com.hrm.hrHead.AddAdmin_Test" name="addAdminTest" time="45.911"/>
  <system-out/>
</testsuite> <!-- com.hrm.hrHead.AddAdmin_Test -->
