<?xml version="1.0" encoding="UTF-8"?>
<!-- Generated by org.testng.reporters.JUnitReportReporter -->
<testsuite hostname="LAPTOP-P0E5GDS2" failures="0" tests="1" name="com.hrm.hrHead.AddBranches_Test" time="3.402" errors="0" timestamp="2022-12-07T15:54:49 IST" skipped="0">
  <testcase classname="com.hrm.hrHead.AddBranches_Test" name="addBranchesTest" time="3.402"/>
  <system-out/>
</testsuite> <!-- com.hrm.hrHead.AddBranches_Test -->
