<?xml version="1.0" encoding="UTF-8"?>
<!-- Generated by org.testng.reporters.JUnitReportReporter -->
<testsuite hostname="Hp" failures="0" tests="1" name="com.hrm.hrHead.AddCorporates_Test" time="8.406" errors="0" timestamp="2022-12-16T10:06:28 IST" skipped="0">
  <testcase classname="com.hrm.hrHead.AddCorporates_Test" name="addCorporates" time="8.406"/>
  <system-out/>
</testsuite> <!-- com.hrm.hrHead.AddCorporates_Test -->
