<?xml version="1.0" encoding="UTF-8"?>
<!-- Generated by org.testng.reporters.JUnitReportReporter -->
<testsuite hostname="LAPTOP-P0E5GDS2" failures="0" tests="1" name="com.hrm.hrHead.AddCorporates_Test" time="3.117" errors="0" timestamp="2022-12-16T11:21:14 IST" skipped="0">
  <testcase classname="com.hrm.hrHead.AddCorporates_Test" name="addCorporates" time="3.117"/>
  <system-out/>
</testsuite> <!-- com.hrm.hrHead.AddCorporates_Test -->
