<?xml version="1.0" encoding="UTF-8"?>
<!-- Generated by org.testng.reporters.JUnitReportReporter -->
<testsuite skipped="0" hostname="LAPTOP-HRPF4BH4" name="com.hrm.hrHead.HrHeadAddEmployee_Test" tests="1" failures="0" timestamp="2022-12-16T10:44:15 IST" time="2.479" errors="0">
  <testcase name="HrHeadEmployeeTest" time="2.479" classname="com.hrm.hrHead.HrHeadAddEmployee_Test"/>
  <system-out/>
</testsuite> <!-- com.hrm.hrHead.HrHeadAddEmployee_Test -->
