<?xml version="1.0" encoding="UTF-8"?>
<!-- Generated by org.testng.reporters.JUnitReportReporter -->
<testsuite hostname="LAPTOP-P0E5GDS2" failures="0" tests="1" name="com.hrm.hrHead.HrHeadAddEmployee_Test" time="8.098" errors="0" timestamp="2022-12-16T11:19:46 IST" skipped="0">
  <testcase classname="com.hrm.hrHead.HrHeadAddEmployee_Test" name="HrHeadEmployeeTest" time="8.098"/>
  <system-out/>
</testsuite> <!-- com.hrm.hrHead.HrHeadAddEmployee_Test -->
