<?xml version="1.0" encoding="UTF-8"?>
<!-- Generated by org.testng.reporters.JUnitReportReporter -->
<testsuite hostname="LAPTOP-P0E5GDS2" failures="0" tests="1" name="com.hrm.hrOfficer.HrOfficerAddEmployee" time="4.765" errors="0" timestamp="2022-12-16T09:40:05 IST" skipped="0">
  <testcase classname="com.hrm.hrOfficer.HrOfficerAddEmployee" name="addEmplyeeTest" time="4.765"/>
  <system-out/>
</testsuite> <!-- com.hrm.hrOfficer.HrOfficerAddEmployee -->
