<?xml version="1.0" encoding="UTF-8"?>
<!-- Generated by org.testng.reporters.JUnitReportReporter -->
<testsuite skipped="0" hostname="LAPTOP-HRPF4BH4" name="com.hrm.hrAssistant.SearchDepartmentOfEmploee" tests="1" failures="0" timestamp="2022-12-16T17:29:16 IST" time="5.684" errors="0">
  <testcase name="searchDepartEmp" time="5.684" classname="com.hrm.hrAssistant.SearchDepartmentOfEmploee"/>
  <system-out/>
</testsuite> <!-- com.hrm.hrAssistant.SearchDepartmentOfEmploee -->
