<?xml version="1.0" encoding="UTF-8"?>
<!-- Generated by org.testng.reporters.JUnitReportReporter -->
<testsuite hostname="Hp" failures="0" tests="1" name="com.hrm.hrHead.AddBranches_Test" time="136.209" errors="0" timestamp="2022-12-16T10:03:54 IST" skipped="0">
  <testcase classname="com.hrm.hrHead.AddBranches_Test" name="addBranchesTest" time="136.209"/>
  <system-out/>
</testsuite> <!-- com.hrm.hrHead.AddBranches_Test -->
