<?xml version="1.0" encoding="UTF-8"?>
<!-- Generated by org.testng.reporters.JUnitReportReporter -->
<testsuite skipped="0" hostname="LAPTOP-HRPF4BH4" name="com.hrm.hrOfficer.HrOfficerAddEmployee" tests="1" failures="0" timestamp="2022-12-16T15:37:26 IST" time="16.759" errors="0">
  <testcase name="addEmplyeeTest" time="16.759" classname="com.hrm.hrOfficer.HrOfficerAddEmployee"/>
  <system-out/>
</testsuite> <!-- com.hrm.hrOfficer.HrOfficerAddEmployee -->
